<?xml version="1.0" encoding="UTF-8"?>
<!-- Generated by org.testng.reporters.JUnitXMLReporter -->
<testsuite ignored="0" hostname="PE-HO-342" failures="1" tests="1" name="Test" time="13.456" errors="0" timestamp="2022-03-02T10:45:54 COT">
  <testcase classname="com.testNG.RunTestNG" name="pruebaInicialTestNG" time="10.579">
    <failure type="java.lang.AssertionError">
      <![CDATA[java.lang.AssertionError
at com.testNG.RunTestNG.pruebaInicialTestNG(RunTestNG.java:92)
at java.base/java.util.ArrayList.forEach(ArrayList.java:1511)
... Removed 27 stack frames]]>
    </failure>
  </testcase> <!-- pruebaInicialTestNG -->
</testsuite> <!-- Test -->
